<?xml version="1.0" encoding="UTF-8"?>
<coverage generated="1669308289890" clover="3.2.0">
  <project timestamp="1669308289891" name="All files">
    <metrics statements="32" coveredstatements="29" conditionals="5" coveredconditionals="5" methods="14" coveredmethods="11" elements="51" coveredelements="45" complexity="0" loc="32" ncloc="32" packages="5" files="7" classes="7"/>
    <package name="components.CardsGrid">
      <metrics statements="3" coveredstatements="3" conditionals="2" coveredconditionals="2" methods="2" coveredmethods="2"/>
      <file name="CardsGrid.jsx" path="C:\Users\Lenovo\Desktop\front\src\components\CardsGrid\CardsGrid.jsx">
        <metrics statements="3" coveredstatements="3" conditionals="2" coveredconditionals="2" methods="2" coveredmethods="2"/>
        <line num="4" count="3" type="stmt"/>
        <line num="5" count="10" type="stmt"/>
        <line num="11" count="80" type="stmt"/>
      </file>
    </package>
    <package name="components.SearchBar">
      <metrics statements="8" coveredstatements="8" conditionals="0" coveredconditionals="0" methods="3" coveredmethods="3"/>
      <file name="SearchBar.jsx" path="C:\Users\Lenovo\Desktop\front\src\components\SearchBar\SearchBar.jsx">
        <metrics statements="8" coveredstatements="8" conditionals="0" coveredconditionals="0" methods="3" coveredmethods="3"/>
        <line num="7" count="3" type="stmt"/>
        <line num="9" count="11" type="stmt"/>
        <line num="10" count="11" type="stmt"/>
        <line num="12" count="11" type="stmt"/>
        <line num="13" count="1" type="stmt"/>
        <line num="16" count="11" type="stmt"/>
        <line num="17" count="1" type="stmt"/>
        <line num="20" count="11" type="stmt"/>
      </file>
    </package>
    <package name="mocks">
      <metrics statements="12" coveredstatements="9" conditionals="0" coveredconditionals="0" methods="5" coveredmethods="2"/>
      <file name="handlers.js" path="C:\Users\Lenovo\Desktop\front\src\mocks\handlers.js">
        <metrics statements="1" coveredstatements="1" conditionals="0" coveredconditionals="0" methods="0" coveredmethods="0"/>
        <line num="4" count="3" type="stmt"/>
      </file>
      <file name="resolvers.js" path="C:\Users\Lenovo\Desktop\front\src\mocks\resolvers.js">
        <metrics statements="10" coveredstatements="7" conditionals="0" coveredconditionals="0" methods="5" coveredmethods="2"/>
        <line num="1" count="3" type="stmt"/>
        <line num="2" count="7" type="stmt"/>
        <line num="180" count="3" type="stmt"/>
        <line num="181" count="0" type="stmt"/>
        <line num="294" count="3" type="stmt"/>
        <line num="295" count="0" type="stmt"/>
        <line num="320" count="3" type="stmt"/>
        <line num="321" count="0" type="stmt"/>
        <line num="499" count="3" type="stmt"/>
        <line num="500" count="1" type="stmt"/>
      </file>
      <file name="server.js" path="C:\Users\Lenovo\Desktop\front\src\mocks\server.js">
        <metrics statements="1" coveredstatements="1" conditionals="0" coveredconditionals="0" methods="0" coveredmethods="0"/>
        <line num="4" count="3" type="stmt"/>
      </file>
    </package>
    <package name="redux.store">
      <metrics statements="2" coveredstatements="2" conditionals="3" coveredconditionals="3" methods="0" coveredmethods="0"/>
      <file name="index.js" path="C:\Users\Lenovo\Desktop\front\src\redux\store\index.js">
        <metrics statements="2" coveredstatements="2" conditionals="3" coveredconditionals="3" methods="0" coveredmethods="0"/>
        <line num="6" count="3" type="cond" truecount="3" falsecount="0"/>
        <line num="10" count="3" type="stmt"/>
      </file>
    </package>
    <package name="views.ListPlayers">
      <metrics statements="7" coveredstatements="7" conditionals="0" coveredconditionals="0" methods="4" coveredmethods="4"/>
      <file name="ListPlayers.jsx" path="C:\Users\Lenovo\Desktop\front\src\views\ListPlayers\ListPlayers.jsx">
        <metrics statements="7" coveredstatements="7" conditionals="0" coveredconditionals="0" methods="4" coveredmethods="4"/>
        <line num="8" count="3" type="stmt"/>
        <line num="10" count="10" type="stmt"/>
        <line num="11" count="10" type="stmt"/>
        <line num="12" count="7" type="stmt"/>
        <line num="15" count="13" type="stmt"/>
        <line num="16" count="13" type="stmt"/>
        <line num="18" count="10" type="stmt"/>
      </file>
    </package>
  </project>
</coverage>
