{"C:\\Users\\Lenovo\\Desktop\\front\\src\\components\\CardsGrid\\CardsGrid.jsx": {"path":"C:\\Users\\Lenovo\\Desktop\\front\\src\\components\\CardsGrid\\CardsGrid.jsx","statementMap":{"0":{"start":{"line":4,"column":18},"end":{"line":25,"column":1}},"1":{"start":{"line":5,"column":2},"end":{"line":24,"column":3}},"2":{"start":{"line":11,"column":14},"end":{"line":18,"column":16}}},"fnMap":{"0":{"name":"(anonymous_0)","decl":{"start":{"line":4,"column":18},"end":{"line":4,"column":19}},"loc":{"start":{"line":4,"column":35},"end":{"line":25,"column":1}},"line":4},"1":{"name":"(anonymous_1)","decl":{"start":{"line":10,"column":12},"end":{"line":10,"column":13}},"loc":{"start":{"line":11,"column":14},"end":{"line":18,"column":16}},"line":11}},"branchMap":{"0":{"loc":{"start":{"line":8,"column":9},"end":{"line":20,"column":11}},"type":"binary-expr","locations":[{"start":{"line":8,"column":9},"end":{"line":8,"column":16}},{"start":{"line":9,"column":10},"end":{"line":20,"column":11}}],"line":8}},"s":{"0":3,"1":10,"2":80},"f":{"0":10,"1":80},"b":{"0":[10,4]},"_coverageSchema":"1a1c01bbd47fc00a2c39e90264f33305004495a9","hash":"0982d62afb28234884fc68f19093a4b2955fa6de"}
,"C:\\Users\\Lenovo\\Desktop\\front\\src\\components\\SearchBar\\SearchBar.jsx": {"path":"C:\\Users\\Lenovo\\Desktop\\front\\src\\components\\SearchBar\\SearchBar.jsx","statementMap":{"0":{"start":{"line":7,"column":18},"end":{"line":30,"column":1}},"1":{"start":{"line":9,"column":19},"end":{"line":9,"column":32}},"2":{"start":{"line":10,"column":28},"end":{"line":10,"column":40}},"3":{"start":{"line":12,"column":28},"end":{"line":14,"column":3}},"4":{"start":{"line":13,"column":4},"end":{"line":13,"column":28}},"5":{"start":{"line":16,"column":23},"end":{"line":18,"column":3}},"6":{"start":{"line":17,"column":4},"end":{"line":17,"column":34}},"7":{"start":{"line":20,"column":2},"end":{"line":29,"column":3}}},"fnMap":{"0":{"name":"(anonymous_0)","decl":{"start":{"line":7,"column":18},"end":{"line":7,"column":19}},"loc":{"start":{"line":7,"column":36},"end":{"line":30,"column":1}},"line":7},"1":{"name":"(anonymous_1)","decl":{"start":{"line":12,"column":28},"end":{"line":12,"column":29}},"loc":{"start":{"line":12,"column":35},"end":{"line":14,"column":3}},"line":12},"2":{"name":"(anonymous_2)","decl":{"start":{"line":16,"column":23},"end":{"line":16,"column":24}},"loc":{"start":{"line":16,"column":29},"end":{"line":18,"column":3}},"line":16}},"branchMap":{},"s":{"0":3,"1":11,"2":11,"3":11,"4":1,"5":11,"6":1,"7":11},"f":{"0":11,"1":1,"2":1},"b":{},"_coverageSchema":"1a1c01bbd47fc00a2c39e90264f33305004495a9","hash":"c95fa0169cbafc036ebdc9356d7fd96fe52cca3b"}
,"C:\\Users\\Lenovo\\Desktop\\front\\src\\mocks\\handlers.js": {"path":"C:\\Users\\Lenovo\\Desktop\\front\\src\\mocks\\handlers.js","statementMap":{"0":{"start":{"line":4,"column":24},"end":{"line":9,"column":1}}},"fnMap":{},"branchMap":{},"s":{"0":3},"f":{},"b":{},"_coverageSchema":"1a1c01bbd47fc00a2c39e90264f33305004495a9","hash":"fcdfe0927e2b286ee6e9a322f6db078511d8e632"}
,"C:\\Users\\Lenovo\\Desktop\\front\\src\\mocks\\resolvers.js": {"path":"C:\\Users\\Lenovo\\Desktop\\front\\src\\mocks\\resolvers.js","statementMap":{"0":{"start":{"line":1,"column":30},"end":{"line":177,"column":1}},"1":{"start":{"line":2,"column":4},"end":{"line":176,"column":5}},"2":{"start":{"line":180,"column":29},"end":{"line":292,"column":1}},"3":{"start":{"line":181,"column":4},"end":{"line":291,"column":5}},"4":{"start":{"line":294,"column":24},"end":{"line":318,"column":1}},"5":{"start":{"line":295,"column":4},"end":{"line":317,"column":5}},"6":{"start":{"line":320,"column":29},"end":{"line":496,"column":1}},"7":{"start":{"line":321,"column":4},"end":{"line":495,"column":5}},"8":{"start":{"line":499,"column":25},"end":{"line":501,"column":1}},"9":{"start":{"line":500,"column":4},"end":{"line":500,"column":31}}},"fnMap":{"0":{"name":"(anonymous_0)","decl":{"start":{"line":1,"column":30},"end":{"line":1,"column":31}},"loc":{"start":{"line":1,"column":49},"end":{"line":177,"column":1}},"line":1},"1":{"name":"(anonymous_1)","decl":{"start":{"line":180,"column":29},"end":{"line":180,"column":30}},"loc":{"start":{"line":180,"column":48},"end":{"line":292,"column":1}},"line":180},"2":{"name":"(anonymous_2)","decl":{"start":{"line":294,"column":24},"end":{"line":294,"column":25}},"loc":{"start":{"line":294,"column":43},"end":{"line":318,"column":1}},"line":294},"3":{"name":"(anonymous_3)","decl":{"start":{"line":320,"column":29},"end":{"line":320,"column":30}},"loc":{"start":{"line":320,"column":48},"end":{"line":496,"column":1}},"line":320},"4":{"name":"(anonymous_4)","decl":{"start":{"line":499,"column":25},"end":{"line":499,"column":26}},"loc":{"start":{"line":499,"column":44},"end":{"line":501,"column":1}},"line":499}},"branchMap":{},"s":{"0":3,"1":7,"2":3,"3":0,"4":3,"5":0,"6":3,"7":0,"8":3,"9":1},"f":{"0":7,"1":0,"2":0,"3":0,"4":1},"b":{},"_coverageSchema":"1a1c01bbd47fc00a2c39e90264f33305004495a9","hash":"85eb6ae1bc5ffa0d32aa7aaedb7620ba0ef91571"}
,"C:\\Users\\Lenovo\\Desktop\\front\\src\\mocks\\server.js": {"path":"C:\\Users\\Lenovo\\Desktop\\front\\src\\mocks\\server.js","statementMap":{"0":{"start":{"line":4,"column":22},"end":{"line":4,"column":46}}},"fnMap":{},"branchMap":{},"s":{"0":3},"f":{},"b":{},"_coverageSchema":"1a1c01bbd47fc00a2c39e90264f33305004495a9","hash":"06bae7e949788c08aa119ac8cee2731995b05219"}
,"C:\\Users\\Lenovo\\Desktop\\front\\src\\redux\\store\\index.js": {"path":"C:\\Users\\Lenovo\\Desktop\\front\\src\\redux\\store\\index.js","statementMap":{"0":{"start":{"line":6,"column":3},"end":{"line":8,"column":10}},"1":{"start":{"line":10,"column":14},"end":{"line":13,"column":1}}},"fnMap":{},"branchMap":{"0":{"loc":{"start":{"line":6,"column":3},"end":{"line":8,"column":10}},"type":"binary-expr","locations":[{"start":{"line":6,"column":4},"end":{"line":6,"column":33}},{"start":{"line":7,"column":6},"end":{"line":7,"column":49}},{"start":{"line":8,"column":3},"end":{"line":8,"column":10}}],"line":6}},"s":{"0":3,"1":3},"f":{},"b":{"0":[3,3,3]},"_coverageSchema":"1a1c01bbd47fc00a2c39e90264f33305004495a9","hash":"afcb2d683a0e4073418b0f20edc9bfb20fb924af"}
,"C:\\Users\\Lenovo\\Desktop\\front\\src\\views\\ListPlayers\\ListPlayers.jsx": {"path":"C:\\Users\\Lenovo\\Desktop\\front\\src\\views\\ListPlayers\\ListPlayers.jsx","statementMap":{"0":{"start":{"line":8,"column":20},"end":{"line":24,"column":1}},"1":{"start":{"line":10,"column":19},"end":{"line":10,"column":32}},"2":{"start":{"line":11,"column":2},"end":{"line":13,"column":9}},"3":{"start":{"line":12,"column":4},"end":{"line":12,"column":31}},"4":{"start":{"line":15,"column":18},"end":{"line":15,"column":60}},"5":{"start":{"line":15,"column":41},"end":{"line":15,"column":59}},"6":{"start":{"line":16,"column":19},"end":{"line":16,"column":56}},"7":{"start":{"line":16,"column":42},"end":{"line":16,"column":55}},"8":{"start":{"line":18,"column":2},"end":{"line":23,"column":3}}},"fnMap":{"0":{"name":"(anonymous_0)","decl":{"start":{"line":8,"column":20},"end":{"line":8,"column":21}},"loc":{"start":{"line":8,"column":26},"end":{"line":24,"column":1}},"line":8},"1":{"name":"(anonymous_1)","decl":{"start":{"line":11,"column":12},"end":{"line":11,"column":13}},"loc":{"start":{"line":11,"column":18},"end":{"line":13,"column":3}},"line":11},"2":{"name":"(anonymous_2)","decl":{"start":{"line":15,"column":30},"end":{"line":15,"column":31}},"loc":{"start":{"line":15,"column":41},"end":{"line":15,"column":59}},"line":15},"3":{"name":"(anonymous_3)","decl":{"start":{"line":16,"column":31},"end":{"line":16,"column":32}},"loc":{"start":{"line":16,"column":42},"end":{"line":16,"column":55}},"line":16}},"branchMap":{},"s":{"0":3,"1":10,"2":10,"3":7,"4":10,"5":13,"6":10,"7":13,"8":10},"f":{"0":10,"1":7,"2":13,"3":13},"b":{},"_coverageSchema":"1a1c01bbd47fc00a2c39e90264f33305004495a9","hash":"188591fe676cdf5551a2fc99301df4a28589aa02"}
}
