TN:
SF:src\components\CardsGrid\CardsGrid.jsx
FN:4,(anonymous_0)
FN:10,(anonymous_1)
FNF:2
FNH:2
FNDA:10,(anonymous_0)
FNDA:80,(anonymous_1)
DA:4,3
DA:5,10
DA:11,80
LF:3
LH:3
BRDA:8,0,0,10
BRDA:8,0,1,4
BRF:2
BRH:2
end_of_record
TN:
SF:src\components\SearchBar\SearchBar.jsx
FN:7,(anonymous_0)
FN:12,(anonymous_1)
FN:16,(anonymous_2)
FNF:3
FNH:3
FNDA:11,(anonymous_0)
FNDA:1,(anonymous_1)
FNDA:1,(anonymous_2)
DA:7,3
DA:9,11
DA:10,11
DA:12,11
DA:13,1
DA:16,11
DA:17,1
DA:20,11
LF:8
LH:8
BRF:0
BRH:0
end_of_record
TN:
SF:src\mocks\handlers.js
FNF:0
FNH:0
DA:4,3
LF:1
LH:1
BRF:0
BRH:0
end_of_record
TN:
SF:src\mocks\resolvers.js
FN:1,(anonymous_0)
FN:180,(anonymous_1)
FN:294,(anonymous_2)
FN:320,(anonymous_3)
FN:499,(anonymous_4)
FNF:5
FNH:2
FNDA:7,(anonymous_0)
FNDA:0,(anonymous_1)
FNDA:0,(anonymous_2)
FNDA:0,(anonymous_3)
FNDA:1,(anonymous_4)
DA:1,3
DA:2,7
DA:180,3
DA:181,0
DA:294,3
DA:295,0
DA:320,3
DA:321,0
DA:499,3
DA:500,1
LF:10
LH:7
BRF:0
BRH:0
end_of_record
TN:
SF:src\mocks\server.js
FNF:0
FNH:0
DA:4,3
LF:1
LH:1
BRF:0
BRH:0
end_of_record
TN:
SF:src\redux\store\index.js
FNF:0
FNH:0
DA:6,3
DA:10,3
LF:2
LH:2
BRDA:6,0,0,3
BRDA:6,0,1,3
BRDA:6,0,2,3
BRF:3
BRH:3
end_of_record
TN:
SF:src\views\ListPlayers\ListPlayers.jsx
FN:8,(anonymous_0)
FN:11,(anonymous_1)
FN:15,(anonymous_2)
FN:16,(anonymous_3)
FNF:4
FNH:4
FNDA:10,(anonymous_0)
FNDA:7,(anonymous_1)
FNDA:13,(anonymous_2)
FNDA:13,(anonymous_3)
DA:8,3
DA:10,10
DA:11,10
DA:12,7
DA:15,13
DA:16,13
DA:18,10
LF:7
LH:7
BRF:0
BRH:0
end_of_record
